<?xml version="1.0" encoding="UTF-8"?>
<testsuite xmlns:xsi="http://www.w3.org/2001/XMLSchema-instance" xsi:noNamespaceSchemaLocation="https://maven.apache.org/surefire/maven-surefire-plugin/xsd/surefire-test-report-3.0.xsd" version="3.0" name="top.jsoft.springmvc2.SpringMvc2ApplicationTests" time="0.286" tests="1" errors="0" skipped="0" failures="0">
  <properties>
[...]
</properties>
  <testcase name="contextLoads" classname="top.jsoft.springmvc2.SpringMvc2ApplicationTests" time="0.003">
    <system-out><![CDATA[2023-12-04T06:42:19.226+02:00  INFO 2492 --- [           main] t.c.s.AnnotationConfigContextLoaderUtils : Could not detect default configuration classes for test class [top.jsoft.springmvc2.SpringMvc2ApplicationTests]: SpringMvc2ApplicationTests does not declare any static, non-private, non-final, nested classes annotated with @Configuration.
2023-12-04T06:42:19.231+02:00  INFO 2492 --- [           main] .b.t.c.SpringBootTestContextBootstrapper : Found @SpringBootConfiguration top.jsoft.springmvc2.SpringMvc2Application for test class top.jsoft.springmvc2.SpringMvc2ApplicationTests

  .   ____          _            __ _ _
 /\\ / ___'_ __ _ _(_)_ __  __ _ \ \ \ \
( ( )\___ | '_ | '_| | '_ \/ _` | \ \ \ \
 \\/  ___)| |_)| | | | | || (_| |  ) ) ) )
  '  |____| .__|_| |_|_| |_\__, | / / / /
 =========|_|==============|___/=/_/_/_/
 :: Spring Boot ::                (v3.2.0)

2023-12-04T06:42:19.253+02:00  WARN 2492 --- [           main] ory$DuplicateJsonObjectContextCustomizer : 

Found multiple occurrences of org.json.JSONObject on the class path:

	jar:file:/C:/Users/psygr/.m2/repository/com/vaadin/external/google/android-json/0.0.20131108.vaadin1/android-json-0.0.20131108.vaadin1.jar!/org/json/JSONObject.class
	jar:file:/C:/Users/psygr/.m2/repository/org/json/json/20220320/json-20220320.jar!/org/json/JSONObject.class

You may wish to exclude one of them to ensure predictable runtime behavior

2023-12-04T06:42:19.254+02:00  INFO 2492 --- [           main] t.j.s.SpringMvc2ApplicationTests         : Starting SpringMvc2ApplicationTests using Java 17.0.9 with PID 2492 (started by psygr in F:\JavaProjects\HillelJavaPro\SpringMVC2)
2023-12-04T06:42:19.254+02:00  INFO 2492 --- [           main] t.j.s.SpringMvc2ApplicationTests         : No active profile set, falling back to 1 default profile: "default"
2023-12-04T06:42:19.500+02:00  INFO 2492 --- [           main] t.j.s.SpringMvc2ApplicationTests         : Started SpringMvc2ApplicationTests in 0.261 seconds (process running for 3.64)
]]></system-out>
  </testcase>
</testsuite>